Traceback (most recent call last):
  File "/home/monster13liar/SPLIT-PAY/backend/venv/lib64/python3.14/site-packages/django/db/backends/base/base.py", line 275, in ensure_connection
    self.connect()
    ~~~~~~~~~~~~^^
  File "/home/monster13liar/SPLIT-PAY/backend/venv/lib64/python3.14/site-packages/django/utils/asyncio.py", line 26, in inner
    return func(*args, **kwargs)
  File "/home/monster13liar/SPLIT-PAY/backend/venv/lib64/python3.14/site-packages/django/db/backends/base/base.py", line 256, in connect
    self.connection = self.get_new_connection(conn_params)
                      ~~~~~~~~~~~~~~~~~~~~~~~^^^^^^^^^^^^^
  File "/home/monster13liar/SPLIT-PAY/backend/venv/lib64/python3.14/site-packages/django/utils/asyncio.py", line 26, in inner
    return func(*args, **kwargs)
  File "/home/monster13liar/SPLIT-PAY/backend/venv/lib64/python3.14/site-packages/django/db/backends/postgresql/base.py", line 275, in get_new_connection
    connection = self.Database.connect(**conn_params)
  File "/home/monster13liar/SPLIT-PAY/backend/venv/lib64/python3.14/site-packages/psycopg2/__init__.py", line 122, in connect
    conn = _connect(dsn, connection_factory=connection_factory, **kwasync)
psycopg2.OperationalError: could not translate host name "db" to address: Name or service not known


The above exception was the direct cause of the following exception:

Traceback (most recent call last):
  File "/home/monster13liar/SPLIT-PAY/backend/manage.py", line 22, in <module>
    main()
    ~~~~^^
  File "/home/monster13liar/SPLIT-PAY/backend/manage.py", line 18, in main
    execute_from_command_line(sys.argv)
    ~~~~~~~~~~~~~~~~~~~~~~~~~^^^^^^^^^^
  File "/home/monster13liar/SPLIT-PAY/backend/venv/lib64/python3.14/site-packages/django/core/management/__init__.py", line 442, in execute_from_command_line
    utility.execute()
    ~~~~~~~~~~~~~~~^^
  File "/home/monster13liar/SPLIT-PAY/backend/venv/lib64/python3.14/site-packages/django/core/management/__init__.py", line 436, in execute
    self.fetch_command(subcommand).run_from_argv(self.argv)
    ~~~~~~~~~~~~~~~~~~~~~~~~~~~~~~~~~~~~~~~~~~~~^^^^^^^^^^^
  File "/home/monster13liar/SPLIT-PAY/backend/venv/lib64/python3.14/site-packages/django/core/management/base.py", line 412, in run_from_argv
    self.execute(*args, **cmd_options)
    ~~~~~~~~~~~~^^^^^^^^^^^^^^^^^^^^^^
  File "/home/monster13liar/SPLIT-PAY/backend/venv/lib64/python3.14/site-packages/django/core/management/base.py", line 458, in execute
    output = self.handle(*args, **options)
  File "/home/monster13liar/SPLIT-PAY/backend/venv/lib64/python3.14/site-packages/django/core/management/base.py", line 106, in wrapper
    res = handle_func(*args, **kwargs)
  File "/home/monster13liar/SPLIT-PAY/backend/venv/lib64/python3.14/site-packages/django/core/management/commands/migrate.py", line 100, in handle
    self.check(databases=[database])
    ~~~~~~~~~~^^^^^^^^^^^^^^^^^^^^^^
  File "/home/monster13liar/SPLIT-PAY/backend/venv/lib64/python3.14/site-packages/django/core/management/base.py", line 485, in check
    all_issues = checks.run_checks(
        app_configs=app_configs,
    ...<2 lines>...
        databases=databases,
    )
  File "/home/monster13liar/SPLIT-PAY/backend/venv/lib64/python3.14/site-packages/django/core/checks/registry.py", line 88, in run_checks
    new_errors = check(app_configs=app_configs, databases=databases)
  File "/home/monster13liar/SPLIT-PAY/backend/venv/lib64/python3.14/site-packages/django/core/checks/model_checks.py", line 36, in check_all_models
    errors.extend(model.check(**kwargs))
                  ~~~~~~~~~~~^^^^^^^^^^
  File "/home/monster13liar/SPLIT-PAY/backend/venv/lib64/python3.14/site-packages/django/db/models/base.py", line 1610, in check
    *cls._check_constraints(databases),
     ~~~~~~~~~~~~~~~~~~~~~~^^^^^^^^^^^
  File "/home/monster13liar/SPLIT-PAY/backend/venv/lib64/python3.14/site-packages/django/db/models/base.py", line 2458, in _check_constraints
    connection.features.supports_nulls_distinct_unique_constraints
  File "/home/monster13liar/SPLIT-PAY/backend/venv/lib64/python3.14/site-packages/django/utils/functional.py", line 47, in __get__
    res = instance.__dict__[self.name] = self.func(instance)
                                         ~~~~~~~~~^^^^^^^^^^
  File "/home/monster13liar/SPLIT-PAY/backend/venv/lib64/python3.14/site-packages/django/db/backends/postgresql/features.py", line 141, in is_postgresql_15
    return self.connection.pg_version >= 150000
           ^^^^^^^^^^^^^^^^^^^^^^^^^^
  File "/home/monster13liar/SPLIT-PAY/backend/venv/lib64/python3.14/site-packages/django/utils/functional.py", line 47, in __get__
    res = instance.__dict__[self.name] = self.func(instance)
                                         ~~~~~~~~~^^^^^^^^^^
  File "/home/monster13liar/SPLIT-PAY/backend/venv/lib64/python3.14/site-packages/django/db/backends/postgresql/base.py", line 436, in pg_version
    with self.temporary_connection():
         ~~~~~~~~~~~~~~~~~~~~~~~~~^^
  File "/usr/lib64/python3.14/contextlib.py", line 141, in __enter__
    return next(self.gen)
  File "/home/monster13liar/SPLIT-PAY/backend/venv/lib64/python3.14/site-packages/django/db/backends/base/base.py", line 691, in temporary_connection
    with self.cursor() as cursor:
         ~~~~~~~~~~~^^
  File "/home/monster13liar/SPLIT-PAY/backend/venv/lib64/python3.14/site-packages/django/utils/asyncio.py", line 26, in inner
    return func(*args, **kwargs)
  File "/home/monster13liar/SPLIT-PAY/backend/venv/lib64/python3.14/site-packages/django/db/backends/base/base.py", line 316, in cursor
    return self._cursor()
           ~~~~~~~~~~~~^^
  File "/home/monster13liar/SPLIT-PAY/backend/venv/lib64/python3.14/site-packages/django/db/backends/base/base.py", line 292, in _cursor
    self.ensure_connection()
    ~~~~~~~~~~~~~~~~~~~~~~^^
  File "/home/monster13liar/SPLIT-PAY/backend/venv/lib64/python3.14/site-packages/django/utils/asyncio.py", line 26, in inner
    return func(*args, **kwargs)
  File "/home/monster13liar/SPLIT-PAY/backend/venv/lib64/python3.14/site-packages/django/db/backends/base/base.py", line 274, in ensure_connection
    with self.wrap_database_errors:
         ^^^^^^^^^^^^^^^^^^^^^^^^^
  File "/home/monster13liar/SPLIT-PAY/backend/venv/lib64/python3.14/site-packages/django/db/utils.py", line 91, in __exit__
    raise dj_exc_value.with_traceback(traceback) from exc_value
  File "/home/monster13liar/SPLIT-PAY/backend/venv/lib64/python3.14/site-packages/django/db/backends/base/base.py", line 275, in ensure_connection
    self.connect()
    ~~~~~~~~~~~~^^
  File "/home/monster13liar/SPLIT-PAY/backend/venv/lib64/python3.14/site-packages/django/utils/asyncio.py", line 26, in inner
    return func(*args, **kwargs)
  File "/home/monster13liar/SPLIT-PAY/backend/venv/lib64/python3.14/site-packages/django/db/backends/base/base.py", line 256, in connect
    self.connection = self.get_new_connection(conn_params)
                      ~~~~~~~~~~~~~~~~~~~~~~~^^^^^^^^^^^^^
  File "/home/monster13liar/SPLIT-PAY/backend/venv/lib64/python3.14/site-packages/django/utils/asyncio.py", line 26, in inner
    return func(*args, **kwargs)
  File "/home/monster13liar/SPLIT-PAY/backend/venv/lib64/python3.14/site-packages/django/db/backends/postgresql/base.py", line 275, in get_new_connection
    connection = self.Database.connect(**conn_params)
  File "/home/monster13liar/SPLIT-PAY/backend/venv/lib64/python3.14/site-packages/psycopg2/__init__.py", line 122, in connect
    conn = _connect(dsn, connection_factory=connection_factory, **kwasync)
django.db.utils.OperationalError: could not translate host name "db" to address: Name or service not known

